Ошибка №2: Неправильные входные параметры7 октября 2020 г. 22:56:21 // Ошибка №2: Неправильные входные параметры
9 октября 2020 г. 20:00:43 // Ошибка №2: Неправильные входные параметры
20 октября 2020 г. 21:33:30 // Ошибка №2: Ссылка на объект не указывает на экземпляр объекта.
20 октября 2020 г. 21:39:36 // Ошибка №2: Ссылка на объект не указывает на экземпляр объекта.
21 октября 2020 г. 11:46:04 // Ошибка №2: Файл не найден
21 октября 2020 г. 11:46:23 // Ошибка №2: Ссылка на объект не указывает на экземпляр объекта.
21 октября 2020 г. 11:46:28 // Ошибка №2: Ссылка на объект не указывает на экземпляр объекта.
21 октября 2020 г. 11:48:13 // Ошибка №2: Ссылка на объект не указывает на экземпляр объекта.
21 октября 2020 г. 11:54:01 // Ошибка №2: Ссылка на объект не указывает на экземпляр объекта.
21 октября 2020 г. 12:14:26 // Ошибка №2: Файл не найден
21 октября 2020 г. 12:14:42 // Ошибка №2: Ссылка на объект не указывает на экземпляр объекта.
21 октября 2020 г. 12:24:48 // Ошибка №2: Ссылка на объект не указывает на экземпляр объекта.
21 октября 2020 г. 12:26:05 // Ошибка №2: Ссылка на объект не указывает на экземпляр объекта.
21 октября 2020 г. 12:26:10 // Ошибка №2: Файл не найден
21 октября 2020 г. 12:33:29 // Ошибка №2: Ссылка на объект не указывает на экземпляр объекта.
23 октября 2020 г. 22:33:14 // Ошибка №2: Ссылка на объект не указывает на экземпляр объекта.
23 октября 2020 г. 22:33:18 // Ошибка №2: Файл не найден
23 октября 2020 г. 22:38:12 // Ошибка №2: Файл не найден
23 октября 2020 г. 22:38:26 // Ошибка №2: Ссылка на объект не указывает на экземпляр объекта.
23 октября 2020 г. 22:40:11 // Ошибка №2: Ссылка на объект не указывает на экземпляр объекта.
23 октября 2020 г. 22:45:25 // Ошибка №2: Файл не найден
23 октября 2020 г. 22:45:51 // Ошибка №2: Файл не найден
23 октября 2020 г. 23:04:08 // Ошибка №2: Ссылка на объект не указывает на экземпляр объекта.
23 октября 2020 г. 23:10:47 // Ошибка №2: Файл не найден
17 ноября 2020 г. 23:05:22 // Ошибка №2: Файл не найден
17 ноября 2020 г. 23:06:29 // Ошибка №2: Ссылка на объект не указывает на экземпляр объекта.
17 ноября 2020 г. 23:14:13 // Ссылка на объект не указывает на экземпляр объекта.
17.11.2020 23:43:24 Ссылка на объект не указывает на экземпляр объекта.
17.11.2020 23:49:38 Ссылка на объект не указывает на экземпляр объекта.
17.11.2020 23:53:54 Ссылка на объект не указывает на экземпляр объекта.
18.11.2020 11:55:01 Ссылка на объект не указывает на экземпляр объекта.
18.11.2020 11:55:04 Ссылка на объект не указывает на экземпляр объекта.
18.11.2020 11:55:05 Ссылка на объект не указывает на экземпляр объекта.
18.11.2020 12:04:32 Ссылка на объект не указывает на экземпляр объекта.
30.11.2020 11:58:04 Ошибка №2: Таблица пуста
30.11.2020 12:01:03 Ошибка №2: Таблица пуста
30.11.2020 12:05:24 Ошибка №2: Таблица пуста
30.11.2020 12:05:29 Ошибка №2: Таблица пуста
30.11.2020 12:07:24 Ошибка №2: Таблица пуста
30.11.2020 12:07:47 Ошибка №2: Таблица пуста
30.11.2020 12:10:46 Ошибка №2: Таблица пуста
30.11.2020 12:10:51 Ошибка №2: Таблица пуста
30.11.2020 12:19:37 Ошибка №2: Таблица пуста
30.11.2020 12:19:56 Ошибка №2: Таблица пуста
30.11.2020 12:23:43 Ошибка №2: Таблица пуста
30.11.2020 18:55:17 Ошибка №2: Таблица пуста
30.11.2020 19:05:52 Ошибка №2: Таблица пуста
30.11.2020 19:11:54 Ошибка №2: Таблица пуста
30.11.2020 19:11:58 Ошибка №2: Таблица пуста
30.11.2020 19:15:19 Ошибка №2: Таблица пуста
30.11.2020 19:15:23 Ошибка №2: Таблица пуста
30.11.2020 19:15:27 Ошибка №2: Таблица пуста
